<?xml version="1.0" encoding="UTF-8"?>
<!-- Generated by org.testng.reporters.JUnitReportReporter -->
<testsuite hostname="Mohammads-MacBook-Pro-4.local" name="TestHomepage" tests="1" failures="0" timestamp="19 Mar 2019 19:45:57 GMT" time="1.163" errors="0">
  <testcase name="testUserCanNavigateToHomePage" time="1.163" classname="TestHomepage"/>
</testsuite> <!-- TestHomepage -->
